#
# There is insufficient memory for the Java Runtime Environment to continue.
# Native memory allocation (malloc) failed to allocate 32744 bytes for ChunkPool::allocate
# Possible reasons:
#   The system is out of physical RAM or swap space
#   The process is running with CompressedOops enabled, and the Java Heap may be blocking the growth of the native heap
# Possible solutions:
#   Reduce memory load on the system
#   Increase physical memory or swap space
#   Check if swap backing store is full
#   Decrease Java heap size (-Xmx/-Xms)
#   Decrease number of Java threads
#   Decrease Java thread stack sizes (-Xss)
#   Set larger code cache with -XX:ReservedCodeCacheSize=
#   JVM is running with Unscaled Compressed Oops mode in which the Java heap is
#     placed in the first 4GB address space. The Java Heap base address is the
#     maximum limit for the native heap growth. Please use -XX:HeapBaseMinAddress
#     to set the Java Heap base and to place the Java Heap above 4GB virtual address.
# This output file may be truncated or incomplete.
#
#  Out of Memory Error (allocation.cpp:272), pid=7904, tid=0x000000000000339c
#
# JRE version: Java(TM) SE Runtime Environment (8.0_361) (build 1.8.0_361-b09)
# Java VM: Java HotSpot(TM) 64-Bit Server VM (25.361-b09 mixed mode windows-amd64 compressed oops)
# Failed to write core dump. Minidumps are not enabled by default on client versions of Windows
#

---------------  T H R E A D  ---------------

Current thread (0x0000020df8276000):  JavaThread "C2 CompilerThread1" daemon [_thread_in_native, id=13212, stack(0x000000e195600000,0x000000e195700000)]

Stack: [0x000000e195600000,0x000000e195700000]
Native frames: (J=compiled Java code, j=interpreted, Vv=VM code, C=native code)
V  [jvm.dll+0x3317a9]
V  [jvm.dll+0x277c4e]
V  [jvm.dll+0x27888d]
V  [jvm.dll+0x26f0d5]
V  [jvm.dll+0xd5dad]
V  [jvm.dll+0xd610c]
V  [jvm.dll+0x4ca403]
V  [jvm.dll+0x42654c]
V  [jvm.dll+0x4ba245]
V  [jvm.dll+0x4b8c5e]
V  [jvm.dll+0x44362e]
V  [jvm.dll+0x442be5]
V  [jvm.dll+0x42d98b]
V  [jvm.dll+0xac70b]
V  [jvm.dll+0xaad6b]
V  [jvm.dll+0x23ffb2]
V  [jvm.dll+0x294a5c]
C  [ucrtbase.dll+0x21bb2]
C  [KERNEL32.DLL+0x17614]
C  [ntdll.dll+0x526a1]


Current CompileTask:
C2:   1820 2273       4       org.codehaus.plexus.util.xml.Xpp3Dom::<init> (125 bytes)


---------------  P R O C E S S  ---------------

Java Threads: ( => current thread )
  0x0000020df8300000 JavaThread "Service Thread" daemon [_thread_blocked, id=8068, stack(0x000000e195800000,0x000000e195900000)]
  0x0000020df8281000 JavaThread "C1 CompilerThread2" daemon [_thread_in_vm, id=9484, stack(0x000000e195700000,0x000000e195800000)]
=>0x0000020df8276000 JavaThread "C2 CompilerThread1" daemon [_thread_in_native, id=13212, stack(0x000000e195600000,0x000000e195700000)]
  0x0000020df8270000 JavaThread "C2 CompilerThread0" daemon [_thread_in_native, id=12500, stack(0x000000e195500000,0x000000e195600000)]
  0x0000020df826a000 JavaThread "Attach Listener" daemon [_thread_blocked, id=2416, stack(0x000000e195400000,0x000000e195500000)]
  0x0000020df8268800 JavaThread "Signal Dispatcher" daemon [_thread_blocked, id=11412, stack(0x000000e195300000,0x000000e195400000)]
  0x0000020de1d8e000 JavaThread "Finalizer" daemon [_thread_blocked, id=14708, stack(0x000000e195200000,0x000000e195300000)]
  0x0000020de1d85000 JavaThread "Reference Handler" daemon [_thread_blocked, id=15384, stack(0x000000e195100000,0x000000e195200000)]
  0x0000020de1a94800 JavaThread "main" [_thread_in_native, id=6240, stack(0x000000e194b00000,0x000000e194c00000)]

Other Threads:
  0x0000020df8222000 VMThread [stack: 0x000000e195000000,0x000000e195100000] [id=5528]
  0x0000020df831b800 WatcherThread [stack: 0x000000e195900000,0x000000e195a00000] [id=12256]

VM state:not at safepoint (normal execution)

VM Mutex/Monitor currently owned by a thread: None

heap address: 0x0000000081400000, size: 2028 MB, Compressed Oops mode: 32-bit
Narrow klass base: 0x0000000000000000, Narrow klass shift: 3
Compressed class space size: 1073741824 Address: 0x0000000100000000

Heap:
 PSYoungGen      total 38400K, used 36779K [0x00000000d5c00000, 0x00000000da700000, 0x0000000100000000)
  eden space 33280K, 95% used [0x00000000d5c00000,0x00000000d7af2d78,0x00000000d7c80000)
  from space 5120K, 99% used [0x00000000d7c80000,0x00000000d8178020,0x00000000d8180000)
  to   space 5120K, 0% used [0x00000000da200000,0x00000000da200000,0x00000000da700000)
 ParOldGen       total 87552K, used 6199K [0x0000000081400000, 0x0000000086980000, 0x00000000d5c00000)
  object space 87552K, 7% used [0x0000000081400000,0x0000000081a0dda8,0x0000000086980000)
 Metaspace       used 16142K, capacity 16570K, committed 16768K, reserved 1064960K
  class space    used 1948K, capacity 2090K, committed 2176K, reserved 1048576K

Card table byte_map: [0x0000020df2910000,0x0000020df2d10000] byte_map_base: 0x0000020df2506000

Marking Bits: (ParMarkBitMap*) 0x000000007620b090
 Begin Bits: [0x0000020df2fc0000, 0x0000020df4f70000)
 End Bits:   [0x0000020df4f70000, 0x0000020df6f20000)

Polling page: 0x0000020de1c30000

CodeCache: size=245760Kb used=7837Kb max_used=7908Kb free=237922Kb
 bounds [0x0000020de3550000, 0x0000020de3d20000, 0x0000020df2550000]
 total_blobs=2690 nmethods=2319 adapters=283
 compilation: enabled

Compilation events (10 events):
Event: 1.780 Thread 0x0000020df8281000 nmethod 2318 0x0000020de3ccfb90 code [0x0000020de3ccfd40, 0x0000020de3cd0310]
Event: 1.780 Thread 0x0000020df8281000 2319       3       java.util.HashMap::keySet (25 bytes)
Event: 1.780 Thread 0x0000020df8281000 nmethod 2319 0x0000020de3cd0590 code [0x0000020de3cd0700, 0x0000020de3cd0a98]
Event: 1.780 Thread 0x0000020df8281000 2320       3       java.util.HashMap$KeySet::iterator (12 bytes)
Event: 1.781 Thread 0x0000020df8281000 nmethod 2320 0x0000020de3cd0c10 code [0x0000020de3cd0d80, 0x0000020de3cd0ff0]
Event: 1.781 Thread 0x0000020df8281000 2321       3       java.util.HashMap$KeyIterator::<init> (11 bytes)
Event: 1.781 Thread 0x0000020df8281000 nmethod 2321 0x0000020de3cd10d0 code [0x0000020de3cd1240, 0x0000020de3cd13f0]
Event: 1.781 Thread 0x0000020df8281000 2322       3       org.eclipse.aether.RequestTrace::newChild (10 bytes)
Event: 1.781 Thread 0x0000020df8281000 nmethod 2322 0x0000020de3cd1490 code [0x0000020de3cd1600, 0x0000020de3cd1898]
Event: 1.781 Thread 0x0000020df8281000 2323       3       org.eclipse.aether.repository.RemoteRepository::hashCode (127 bytes)

GC Heap History (6 events):
Event: 0.609 GC heap before
{Heap before GC invocations=1 (full 0):
 PSYoungGen      total 38400K, used 33280K [0x00000000d5c00000, 0x00000000d8680000, 0x0000000100000000)
  eden space 33280K, 100% used [0x00000000d5c00000,0x00000000d7c80000,0x00000000d7c80000)
  from space 5120K, 0% used [0x00000000d8180000,0x00000000d8180000,0x00000000d8680000)
  to   space 5120K, 0% used [0x00000000d7c80000,0x00000000d7c80000,0x00000000d8180000)
 ParOldGen       total 87552K, used 0K [0x0000000081400000, 0x0000000086980000, 0x00000000d5c00000)
  object space 87552K, 0% used [0x0000000081400000,0x0000000081400000,0x0000000086980000)
 Metaspace       used 8965K, capacity 9248K, committed 9472K, reserved 1056768K
  class space    used 1092K, capacity 1188K, committed 1280K, reserved 1048576K
Event: 0.614 GC heap after
Heap after GC invocations=1 (full 0):
 PSYoungGen      total 38400K, used 5115K [0x00000000d5c00000, 0x00000000d8680000, 0x0000000100000000)
  eden space 33280K, 0% used [0x00000000d5c00000,0x00000000d5c00000,0x00000000d7c80000)
  from space 5120K, 99% used [0x00000000d7c80000,0x00000000d817efa0,0x00000000d8180000)
  to   space 5120K, 0% used [0x00000000d8180000,0x00000000d8180000,0x00000000d8680000)
 ParOldGen       total 87552K, used 422K [0x0000000081400000, 0x0000000086980000, 0x00000000d5c00000)
  object space 87552K, 0% used [0x0000000081400000,0x0000000081469ad0,0x0000000086980000)
 Metaspace       used 8965K, capacity 9248K, committed 9472K, reserved 1056768K
  class space    used 1092K, capacity 1188K, committed 1280K, reserved 1048576K
}
Event: 0.951 GC heap before
{Heap before GC invocations=2 (full 0):
 PSYoungGen      total 38400K, used 38395K [0x00000000d5c00000, 0x00000000d8680000, 0x0000000100000000)
  eden space 33280K, 100% used [0x00000000d5c00000,0x00000000d7c80000,0x00000000d7c80000)
  from space 5120K, 99% used [0x00000000d7c80000,0x00000000d817efa0,0x00000000d8180000)
  to   space 5120K, 0% used [0x00000000d8180000,0x00000000d8180000,0x00000000d8680000)
 ParOldGen       total 87552K, used 422K [0x0000000081400000, 0x0000000086980000, 0x00000000d5c00000)
  object space 87552K, 0% used [0x0000000081400000,0x0000000081469ad0,0x0000000086980000)
 Metaspace       used 12501K, capacity 12806K, committed 13056K, reserved 1060864K
  class space    used 1554K, capacity 1684K, committed 1792K, reserved 1048576K
Event: 0.957 GC heap after
Heap after GC invocations=2 (full 0):
 PSYoungGen      total 38400K, used 5117K [0x00000000d5c00000, 0x00000000da700000, 0x0000000100000000)
  eden space 33280K, 0% used [0x00000000d5c00000,0x00000000d5c00000,0x00000000d7c80000)
  from space 5120K, 99% used [0x00000000d8180000,0x00000000d867f6e8,0x00000000d8680000)
  to   space 5120K, 0% used [0x00000000d7c80000,0x00000000d7c80000,0x00000000d8180000)
 ParOldGen       total 87552K, used 2764K [0x0000000081400000, 0x0000000086980000, 0x00000000d5c00000)
  object space 87552K, 3% used [0x0000000081400000,0x00000000816b33d8,0x0000000086980000)
 Metaspace       used 12501K, capacity 12806K, committed 13056K, reserved 1060864K
  class space    used 1554K, capacity 1684K, committed 1792K, reserved 1048576K
}
Event: 1.554 GC heap before
{Heap before GC invocations=3 (full 0):
 PSYoungGen      total 38400K, used 38397K [0x00000000d5c00000, 0x00000000da700000, 0x0000000100000000)
  eden space 33280K, 100% used [0x00000000d5c00000,0x00000000d7c80000,0x00000000d7c80000)
  from space 5120K, 99% used [0x00000000d8180000,0x00000000d867f6e8,0x00000000d8680000)
  to   space 5120K, 0% used [0x00000000d7c80000,0x00000000d7c80000,0x00000000d8180000)
 ParOldGen       total 87552K, used 2764K [0x0000000081400000, 0x0000000086980000, 0x00000000d5c00000)
  object space 87552K, 3% used [0x0000000081400000,0x00000000816b33d8,0x0000000086980000)
 Metaspace       used 15599K, capacity 16000K, committed 16256K, reserved 1062912K
  class space    used 1908K, capacity 2052K, committed 2176K, reserved 1048576K
Event: 1.563 GC heap after
Heap after GC invocations=3 (full 0):
 PSYoungGen      total 38400K, used 5088K [0x00000000d5c00000, 0x00000000da700000, 0x0000000100000000)
  eden space 33280K, 0% used [0x00000000d5c00000,0x00000000d5c00000,0x00000000d7c80000)
  from space 5120K, 99% used [0x00000000d7c80000,0x00000000d8178020,0x00000000d8180000)
  to   space 5120K, 0% used [0x00000000da200000,0x00000000da200000,0x00000000da700000)
 ParOldGen       total 87552K, used 6199K [0x0000000081400000, 0x0000000086980000, 0x00000000d5c00000)
  object space 87552K, 7% used [0x0000000081400000,0x0000000081a0dda8,0x0000000086980000)
 Metaspace       used 15599K, capacity 16000K, committed 16256K, reserved 1062912K
  class space    used 1908K, capacity 2052K, committed 2176K, reserved 1048576K
}

Deoptimization events (10 events):
Event: 1.452 Thread 0x0000020de1a94800 Uncommon trap: reason=unstable_if action=reinterpret pc=0x0000020de3afe134 method=java.lang.String.trim()Ljava/lang/String; @ 63
Event: 1.456 Thread 0x0000020de1a94800 Uncommon trap: reason=unstable_if action=reinterpret pc=0x0000020de38897d8 method=java.lang.String.regionMatches(ZILjava/lang/String;II)Z @ 25
Event: 1.514 Thread 0x0000020de1a94800 Uncommon trap: reason=unstable_if action=reinterpret pc=0x0000020de3b46d90 method=org.codehaus.plexus.util.xml.pull.MXParser.nextImpl()I @ 972
Event: 1.541 Thread 0x0000020de1a94800 Uncommon trap: reason=unstable_if action=reinterpret pc=0x0000020de3b5e544 method=org.apache.maven.model.validation.DefaultModelValidator.isValidIdCharacter(C)Z @ 51
Event: 1.628 Thread 0x0000020de1a94800 Uncommon trap: reason=unstable_if action=reinterpret pc=0x0000020de3bdcda0 method=java.util.HashMap.hash(Ljava/lang/Object;)I @ 1
Event: 1.628 Thread 0x0000020de1a94800 Uncommon trap: reason=unstable_if action=reinterpret pc=0x0000020de3998b68 method=java.util.HashMap.hash(Ljava/lang/Object;)I @ 1
Event: 1.628 Thread 0x0000020de1a94800 Uncommon trap: reason=unstable_if action=reinterpret pc=0x0000020de38f793c method=java.util.HashMap.hash(Ljava/lang/Object;)I @ 1
Event: 1.628 Thread 0x0000020de1a94800 Uncommon trap: reason=unstable_if action=reinterpret pc=0x0000020de386c328 method=java.util.HashMap.hash(Ljava/lang/Object;)I @ 1
Event: 1.716 Thread 0x0000020de1a94800 Uncommon trap: reason=null_check action=make_not_entrant pc=0x0000020de3c5e154 method=org.apache.maven.model.io.xpp3.MavenXpp3Reader.checkFieldWithDuplicate(Lorg/codehaus/plexus/util/xml/pull/XmlPullParser;Ljava/lang/String;Ljava/lang/String;Ljava/util/Se
Event: 1.773 Thread 0x0000020de1a94800 Uncommon trap: reason=predicate action=maybe_recompile pc=0x0000020de3819548 method=java.nio.charset.CharsetDecoder.decode(Ljava/nio/ByteBuffer;Ljava/nio/CharBuffer;Z)Ljava/nio/charset/CoderResult; @ 54

Classes redefined (0 events):
No events

Internal exceptions (10 events):
Event: 1.226 Thread 0x0000020de1a94800 Exception <a 'java/lang/NullPointerException'> (0x00000000d6b0fcc0) thrown at [C:\jenkins\workspace\8-2-build-windows-x64-cygwin\jdk8u361\3183\hotspot\src\share\vm\interpreter\linkResolver.cpp, line 1185]
Event: 1.226 Thread 0x0000020de1a94800 Exception <a 'java/lang/NullPointerException'> (0x00000000d6b0fec8) thrown at [C:\jenkins\workspace\8-2-build-windows-x64-cygwin\jdk8u361\3183\hotspot\src\share\vm\interpreter\linkResolver.cpp, line 1185]
Event: 1.250 Thread 0x0000020de1a94800 Implicit null exception at 0x0000020de3866c94 to 0x0000020de386703d
Event: 1.250 Thread 0x0000020de1a94800 Implicit null exception at 0x0000020de37692d6 to 0x0000020de3769679
Event: 1.437 Thread 0x0000020de1a94800 Implicit null exception at 0x0000020de3b01910 to 0x0000020de3b02c11
Event: 1.628 Thread 0x0000020de1a94800 Implicit null exception at 0x0000020de3bdcb95 to 0x0000020de3bdcd91
Event: 1.628 Thread 0x0000020de1a94800 Implicit null exception at 0x0000020de399857b to 0x0000020de3998b4d
Event: 1.628 Thread 0x0000020de1a94800 Implicit null exception at 0x0000020de38f7755 to 0x0000020de38f792d
Event: 1.628 Thread 0x0000020de1a94800 Implicit null exception at 0x0000020de386c2af to 0x0000020de386c319
Event: 1.716 Thread 0x0000020de1a94800 Implicit null exception at 0x0000020de3c5cf25 to 0x0000020de3c5e139

Events (10 events):
Event: 1.732 Executing VM operation: ForceSafepoint done
Event: 1.742 Thread 0x0000020de1a94800 DEOPT PACKING pc=0x0000020de3b09d62 sp=0x000000e194bfc030
Event: 1.742 Thread 0x0000020de1a94800 DEOPT UNPACKING pc=0x0000020de3597918 sp=0x000000e194bfbdc8 mode 0
Event: 1.762 Thread 0x0000020de1a94800 DEOPT PACKING pc=0x0000020de3b09d62 sp=0x000000e194bfbef0
Event: 1.762 Thread 0x0000020de1a94800 DEOPT UNPACKING pc=0x0000020de3597918 sp=0x000000e194bfbc90 mode 0
Event: 1.773 loading class sun/nio/cs/ISO_8859_1$Decoder
Event: 1.773 loading class sun/nio/cs/ISO_8859_1$Decoder done
Event: 1.773 Thread 0x0000020de1a94800 Uncommon trap: trap_request=0xffffff86 fr.pc=0x0000020de3819548
Event: 1.773 Thread 0x0000020de1a94800 DEOPT PACKING pc=0x0000020de3819548 sp=0x000000e194bfbb40
Event: 1.773 Thread 0x0000020de1a94800 DEOPT UNPACKING pc=0x0000020de35958c3 sp=0x000000e194bfbae8 mode 2


Dynamic libraries:
0x00007ff6c1e20000 - 0x00007ff6c1e67000 	C:\Program Files\Java\jdk1.8.0_361\bin\java.exe
0x00007ff8ddbd0000 - 0x00007ff8dddc8000 	C:\WINDOWS\SYSTEM32\ntdll.dll
0x00007ff8b0cb0000 - 0x00007ff8b0cc9000 	C:\Program Files\AVG\Antivirus\aswhook.dll
0x00007ff8dc2d0000 - 0x00007ff8dc38f000 	C:\WINDOWS\System32\KERNEL32.DLL
0x00007ff8db830000 - 0x00007ff8dbb02000 	C:\WINDOWS\System32\KERNELBASE.dll
0x00007ff8dd1e0000 - 0x00007ff8dd28e000 	C:\WINDOWS\System32\ADVAPI32.dll
0x00007ff8dc390000 - 0x00007ff8dc42e000 	C:\WINDOWS\System32\msvcrt.dll
0x00007ff8dbc20000 - 0x00007ff8dbcbc000 	C:\WINDOWS\System32\sechost.dll
0x00007ff8dbcc0000 - 0x00007ff8dbde4000 	C:\WINDOWS\System32\RPCRT4.dll
0x00007ff8dd8d0000 - 0x00007ff8dda71000 	C:\WINDOWS\System32\USER32.dll
0x00007ff8db3d0000 - 0x00007ff8db3f2000 	C:\WINDOWS\System32\win32u.dll
0x00007ff8dcc70000 - 0x00007ff8dcc9b000 	C:\WINDOWS\System32\GDI32.dll
0x00007ff8db400000 - 0x00007ff8db50f000 	C:\WINDOWS\System32\gdi32full.dll
0x00007ff8db670000 - 0x00007ff8db70d000 	C:\WINDOWS\System32\msvcp_win.dll
0x00007ff8db2d0000 - 0x00007ff8db3d0000 	C:\WINDOWS\System32\ucrtbase.dll
0x00007ff8c5a90000 - 0x00007ff8c5d2a000 	C:\WINDOWS\WinSxS\amd64_microsoft.windows.common-controls_6595b64144ccf1df_6.0.19041.1110_none_60b5254171f9507e\COMCTL32.dll
0x00007ff8dcee0000 - 0x00007ff8dcf10000 	C:\WINDOWS\System32\IMM32.DLL
0x00007ff8d2da0000 - 0x00007ff8d2db5000 	C:\Program Files\Java\jdk1.8.0_361\jre\bin\vcruntime140.dll
0x00007ff8c2a40000 - 0x00007ff8c2adb000 	C:\Program Files\Java\jdk1.8.0_361\jre\bin\msvcp140.dll
0x0000000075a20000 - 0x0000000076283000 	C:\Program Files\Java\jdk1.8.0_361\jre\bin\server\jvm.dll
0x00007ff8dd170000 - 0x00007ff8dd178000 	C:\WINDOWS\System32\PSAPI.DLL
0x00007ff8d5ec0000 - 0x00007ff8d5eca000 	C:\WINDOWS\SYSTEM32\VERSION.dll
0x00007ff8cf890000 - 0x00007ff8cf8b7000 	C:\WINDOWS\SYSTEM32\WINMM.dll
0x00007ff8cb290000 - 0x00007ff8cb299000 	C:\WINDOWS\SYSTEM32\WSOCK32.dll
0x00007ff8dc260000 - 0x00007ff8dc2cb000 	C:\WINDOWS\System32\WS2_32.dll
0x00007ff8d90d0000 - 0x00007ff8d90e2000 	C:\WINDOWS\SYSTEM32\kernel.appcore.dll
0x00007ff8d8b30000 - 0x00007ff8d8b40000 	C:\Program Files\Java\jdk1.8.0_361\jre\bin\verify.dll
0x00007ff8c3ee0000 - 0x00007ff8c3f0b000 	C:\Program Files\Java\jdk1.8.0_361\jre\bin\java.dll
0x00007ff8d2cf0000 - 0x00007ff8d2d08000 	C:\Program Files\Java\jdk1.8.0_361\jre\bin\zip.dll
0x00007ff8dc4c0000 - 0x00007ff8dcc05000 	C:\WINDOWS\System32\SHELL32.dll
0x00007ff8d93b0000 - 0x00007ff8d9b42000 	C:\WINDOWS\SYSTEM32\windows.storage.dll
0x00007ff8dd570000 - 0x00007ff8dd8c5000 	C:\WINDOWS\System32\combase.dll
0x00007ff8dac50000 - 0x00007ff8dac80000 	C:\WINDOWS\SYSTEM32\Wldp.dll
0x00007ff8dcfa0000 - 0x00007ff8dd04d000 	C:\WINDOWS\System32\SHCORE.dll
0x00007ff8ddb30000 - 0x00007ff8ddb85000 	C:\WINDOWS\System32\shlwapi.dll
0x00007ff8db210000 - 0x00007ff8db22f000 	C:\WINDOWS\SYSTEM32\profapi.dll
0x00007ff8cd710000 - 0x00007ff8cd72c000 	C:\Program Files\Java\jdk1.8.0_361\jre\bin\net.dll
0x00007ff8da9b0000 - 0x00007ff8daa1a000 	C:\WINDOWS\system32\mswsock.dll
0x00007ff8c4710000 - 0x00007ff8c4723000 	C:\Program Files\Java\jdk1.8.0_361\jre\bin\nio.dll
0x0000000069ac0000 - 0x0000000069ae4000 	C:\Users\Win10\AppData\Local\Temp\jansi-2.4.0-10abb594b794f8f0-jansi.dll
0x00007ff8d4670000 - 0x00007ff8d4854000 	C:\WINDOWS\SYSTEM32\dbghelp.dll
0x00007ff8dbb10000 - 0x00007ff8dbb92000 	C:\WINDOWS\System32\bcryptPrimitives.dll

VM Arguments:
jvm_args: -Dmaven.multiModuleProjectDirectory=C:\Users\Win10\Desktop\initializr\backend 
java_command: org.apache.maven.wrapper.MavenWrapperMain -Dexec.vmArgs= -Dexec.args=${exec.vmArgs} -classpath %classpath ${exec.mainClass} ${exec.appArgs} -Dexec.executable=C:\Program Files\Java\jdk1.8.0_361\bin\java.exe -Dexec.mainClass=com.portfolio.backend.BackendApplication -Dexec.classpathScope=runtime -Dexec.appArgs= -Dmaven.ext.class.path=C:\Program Files\NetBeans-17\netbeans\java\maven-nblib\netbeans-eventspy.jar -Dfile.encoding=UTF-8 --no-transfer-progress org.codehaus.mojo:exec-maven-plugin:3.1.0:exec
java_class_path (initial): C:\Users\Win10\Desktop\initializr\backend\.mvn\wrapper\maven-wrapper.jar
Launcher Type: SUN_STANDARD

Environment Variables:
JAVA_HOME=C:\Program Files\Java\jdk1.8.0_361
PATH=C:\Python311\Scripts\;C:\Python311\;C:\Program Files (x86)\Common Files\Oracle\Java\javapath;C:\WINDOWS\system32;C:\WINDOWS;C:\WINDOWS\System32\Wbem;C:\WINDOWS\System32\WindowsPowerShell\v1.0\;C:\WINDOWS\System32\OpenSSH\;C:\Program Files\Git\cmd;C:\ProgramData\chocolatey\bin;C:\Program Files\nodejs\;C:\Program Files\MySQL\MySQL Shell 8.0\bin\;C:\Users\Win10\AppData\Local\Microsoft\WindowsApps;;C:\Users\Win10\AppData\Local\Programs\Microsoft VS Code\bin;C:\Users\Win10\AppData\Roaming\npm
USERNAME=Win10
OS=Windows_NT
PROCESSOR_IDENTIFIER=Intel64 Family 6 Model 158 Stepping 11, GenuineIntel



---------------  S Y S T E M  ---------------

OS: Windows 10 , 64 bit Build 19041 (10.0.19041.2546)

CPU:total 4 (initial active 4) (4 cores per cpu, 1 threads per core) family 6 model 158 stepping 11, cmov, cx8, fxsr, mmx, sse, sse2, sse3, ssse3, sse4.1, sse4.2, popcnt, avx, avx2, aes, clmul, erms, 3dnowpref, lzcnt, tsc, tscinvbit, bmi1, bmi2, adx

Memory: 4k page, physical 8300180k(2098340k free), swap 11177260k(11092k free)

vm_info: Java HotSpot(TM) 64-Bit Server VM (25.361-b09) for windows-amd64 JRE (1.8.0_361-b09), built on Jan  9 2023 08:38:53 by "java_re" with MS VC++ 15.9 (VS2017)

time: Thu Mar 23 00:23:12 2023
timezone: Hora estándar de Argentina
elapsed time: 1.826076 seconds (0d 0h 0m 1s)

